[crsorgi.gov.in/web/index.php/auth/birthCertificate/view/cert/B/ZnFha2oxd00wdGtkTjIzRGVTRlBYdz09==.html]
[backblue.gif]
[fade.gif]
[index.html]
[crsorgi.gov.in/web/css/style.css]
[crsorgi.gov.in/web/css/default.css]
[crsorgi.gov.in/web/css/main.css]
[crsorgi.gov.in/web/css/jquery-ui-1.10.0.custom.css]
[crsorgi.gov.in/web/js/mm_menu.js]
[crsorgi.gov.in/web/js/jquery-1.9.0.js]
[crsorgi.gov.in/web/js/jquery-ui-1.10.0.custom.js]
[crsorgi.gov.in/web/js/json_parse.js]
[crsorgi.gov.in/web/js/jquery.ui.core.js]
[crsorgi.gov.in/web/images/logo-top.jpg]
[crsorgi.gov.in/web/images/emb-forms.gif]
[crsorgi.gov.in/web/images/41cc46238c3e5a8a5b643104a6b8f3c2fdffbcdc.png]
[crsorgi.gov.in/web/images/certificate-logo.gif]
[crsorgi.gov.in/web/uploads/2022/Aug-2022/605bbd7c36c056500cad9da4b0e8736d.jpg]
[crsorgi.gov.in/web/uploads/qrCode_Birth/9/02-05-2023/005_file_283c880584be6e6343454295f87905f9.png]
[crsorgi.gov.in/web/index.php/auth/birthCertificate/view/cert/B/ZnFha2oxd00wdGtkTjIzRGVTRlBYdz09==.html]
[crsorgi.gov.in/web/images/header-top-strip.jpg]
[crsorgi.gov.in/web/images/herader-right-bg.jpg]
[crsorgi.gov.in/web/images/top-menu-bg.jpg]
[crsorgi.gov.in/web/images/top-title-strip.jpg]
[crsorgi.gov.in/web/images/doted-bull.gif]
[crsorgi.gov.in/web/images/none-bull.gif]
[crsorgi.gov.in/web/images/welcome-strip-bg.jpg]
[crsorgi.gov.in/web/images/form-title-strip.jpg]
[crsorgi.gov.in/web/images/water-mark.gif]
[crsorgi.gov.in/web/images/busy.gif]
[crsorgi.gov.in/web/images/cla-edit.jpg]
[crsorgi.gov.in/web/css/style.css]
[crsorgi.gov.in/web/css/default.css]
[crsorgi.gov.in/web/images/btn-bg.gif]
[crsorgi.gov.in/web/images/refresh1.png]
[crsorgi.gov.in/web/images/tooltip-arrow.gif]
[crsorgi.gov.in/web/images/submit-btn.jpg]
[crsorgi.gov.in/web/css/main.css]
[crsorgi.gov.in/web/css/jquery.ui.base.css]
[crsorgi.gov.in/web/css/jquery.ui.theme.css]
[crsorgi.gov.in/web/css/jquery.ui.all.css]
[crsorgi.gov.in/web/css/jquery-ui-1.10.0.custom.css]
[crsorgi.gov.in/web/css/jquery.ui.button.css]
[crsorgi.gov.in/web/css/jquery.ui.datepicker.css]
[crsorgi.gov.in/web/css/jquery.ui.base.css]
[crsorgi.gov.in/web/images/ui-icons_222222_256x240.png]
[crsorgi.gov.in/web/images/ui-icons_888888_256x240.png]
[crsorgi.gov.in/web/images/ui-icons_454545_256x240.png]
[crsorgi.gov.in/web/images/ui-icons_2e83ff_256x240.png]
[crsorgi.gov.in/web/images/ui-icons_cd0a0a_256x240.png]
[crsorgi.gov.in/web/images/ui-bg_flat_0_aaaaaa_40x100.png]
[crsorgi.gov.in/web/css/jquery.ui.theme.css]
[crsorgi.gov.in/web/css/jquery.ui.button.css]
[crsorgi.gov.in/web/css/jquery.ui.datepicker.css]
